<?xml version="1.0" encoding="UTF-8"?>
<testng-results ignored="0" total="1" passed="1" failed="0" skipped="0">
  <reporter-output>
  </reporter-output>
  <suite started-at="2020-11-23T18:01:10 IST" name="Default suite" finished-at="2020-11-23T18:01:35 IST" duration-ms="25087">
    <groups>
    </groups>
    <test started-at="2020-11-23T18:01:10 IST" name="Default test" finished-at="2020-11-23T18:01:35 IST" duration-ms="25087">
      <class name="com.naukri.testscript.UploadResume">
        <test-method is-config="true" signature="openBrowser()[pri:0, instance:com.naukri.testscript.UploadResume@2892dae4]" started-at="2020-11-23T18:01:10 IST" name="openBrowser" finished-at="2020-11-23T18:01:27 IST" duration-ms="16185" status="PASS">
          <reporter-output>
          </reporter-output>
        </test-method> <!-- openBrowser -->
        <test-method is-config="true" signature="login()[pri:0, instance:com.naukri.testscript.UploadResume@2892dae4]" started-at="2020-11-23T18:01:27 IST" name="login" finished-at="2020-11-23T18:01:27 IST" duration-ms="661" status="PASS">
          <reporter-output>
          </reporter-output>
        </test-method> <!-- login -->
        <test-method signature="uploadResume()[pri:0, instance:com.naukri.testscript.UploadResume@2892dae4]" started-at="2020-11-23T18:01:27 IST" name="uploadResume" finished-at="2020-11-23T18:01:35 IST" duration-ms="8204" status="PASS">
          <reporter-output>
          </reporter-output>
        </test-method> <!-- uploadResume -->
      </class> <!-- com.naukri.testscript.UploadResume -->
    </test> <!-- Default test -->
  </suite> <!-- Default suite -->
</testng-results>
